This is pdfTeX, Version 3.14159265-2.6-1.40.21 (MiKTeX 20.6.29) (preloaded format=pdflatex 2020.7.22)  18 JAN 2021 00:27
entering extended mode
**./Dokumentacja_Tron.tex
(Dokumentacja_Tron.tex
LaTeX2e <2020-02-02> patch level 5
L3 programming layer <2020-07-17>
("B:\Programy\MiKTeX 2.9\tex/latex/base\article.cls"
Document Class: article 2019/12/20 v1.4l Standard LaTeX document class
("B:\Programy\MiKTeX 2.9\tex/latex/base\size12.clo"
File: size12.clo 2019/12/20 v1.4l Standard LaTeX file (size option)
)
\c@part=\count168
\c@section=\count169
\c@subsection=\count170
\c@subsubsection=\count171
\c@paragraph=\count172
\c@subparagraph=\count173
\c@figure=\count174
\c@table=\count175
\abovecaptionskip=\skip47
\belowcaptionskip=\skip48
\bibindent=\dimen134
)
("B:\Programy\MiKTeX 2.9\tex/latex/base\fontenc.sty"
Package: fontenc 2020/02/11 v2.0o Standard LaTeX package
)
("B:\Programy\MiKTeX 2.9\tex/generic/babel\babel.sty"
Package: babel 2020/07/13 3.47 The Babel package

("B:\Programy\MiKTeX 2.9\tex/generic/babel\babel.def"
File: babel.def 2020/07/13 3.47 Babel common definitions
\babel@savecnt=\count176
\U@D=\dimen135
\l@babelnohyphens=\language83

("B:\Programy\MiKTeX 2.9\tex/generic/babel\txtbabel.def")
\bbl@readstream=\read2
)
\bbl@dirlevel=\count177

*************************************
* Local config file bblopts.cfg used
*
("B:\Programy\MiKTeX 2.9\tex/latex/arabi\bblopts.cfg"
File: bblopts.cfg 2005/09/08 v0.1 add Arabic and Farsi to "declared" options of
 babel
)
("B:\Programy\MiKTeX 2.9\tex/latex/babel-polish\polish.ldf"
Language: polish 2005/03/31 v1.2l Polish support from the babel system
Package babel Info: Making " an active character on input line 83.
\pl@left=\dimen136
\pl@down=\dimen137
\pl@right=\dimen138
\pl@temp=\dimen139
))
("B:\Programy\MiKTeX 2.9\tex/latex/base\inputenc.sty"
Package: inputenc 2018/08/11 v1.3c Input encoding file
\inpenc@prehook=\toks15
\inpenc@posthook=\toks16
)
("B:\Programy\MiKTeX 2.9\tex/latex/lm\lmodern.sty"
Package: lmodern 2009/10/30 v1.6 Latin Modern Fonts
LaTeX Font Info:    Overwriting symbol font `operators' in version `normal'
(Font)                  OT1/cmr/m/n --> OT1/lmr/m/n on input line 22.
LaTeX Font Info:    Overwriting symbol font `letters' in version `normal'
(Font)                  OML/cmm/m/it --> OML/lmm/m/it on input line 23.
LaTeX Font Info:    Overwriting symbol font `symbols' in version `normal'
(Font)                  OMS/cmsy/m/n --> OMS/lmsy/m/n on input line 24.
LaTeX Font Info:    Overwriting symbol font `largesymbols' in version `normal'
(Font)                  OMX/cmex/m/n --> OMX/lmex/m/n on input line 25.
LaTeX Font Info:    Overwriting symbol font `operators' in version `bold'
(Font)                  OT1/cmr/bx/n --> OT1/lmr/bx/n on input line 26.
LaTeX Font Info:    Overwriting symbol font `letters' in version `bold'
(Font)                  OML/cmm/b/it --> OML/lmm/b/it on input line 27.
LaTeX Font Info:    Overwriting symbol font `symbols' in version `bold'
(Font)                  OMS/cmsy/b/n --> OMS/lmsy/b/n on input line 28.
LaTeX Font Info:    Overwriting symbol font `largesymbols' in version `bold'
(Font)                  OMX/cmex/m/n --> OMX/lmex/m/n on input line 29.
LaTeX Font Info:    Overwriting math alphabet `\mathbf' in version `normal'
(Font)                  OT1/cmr/bx/n --> OT1/lmr/bx/n on input line 31.
LaTeX Font Info:    Overwriting math alphabet `\mathsf' in version `normal'
(Font)                  OT1/cmss/m/n --> OT1/lmss/m/n on input line 32.
LaTeX Font Info:    Overwriting math alphabet `\mathit' in version `normal'
(Font)                  OT1/cmr/m/it --> OT1/lmr/m/it on input line 33.
LaTeX Font Info:    Overwriting math alphabet `\mathtt' in version `normal'
(Font)                  OT1/cmtt/m/n --> OT1/lmtt/m/n on input line 34.
LaTeX Font Info:    Overwriting math alphabet `\mathbf' in version `bold'
(Font)                  OT1/cmr/bx/n --> OT1/lmr/bx/n on input line 35.
LaTeX Font Info:    Overwriting math alphabet `\mathsf' in version `bold'
(Font)                  OT1/cmss/bx/n --> OT1/lmss/bx/n on input line 36.
LaTeX Font Info:    Overwriting math alphabet `\mathit' in version `bold'
(Font)                  OT1/cmr/bx/it --> OT1/lmr/bx/it on input line 37.
LaTeX Font Info:    Overwriting math alphabet `\mathtt' in version `bold'
(Font)                  OT1/cmtt/m/n --> OT1/lmtt/m/n on input line 38.
)
("B:\Programy\MiKTeX 2.9\tex/latex/graphics\graphicx.sty"
Package: graphicx 2019/11/30 v1.2a Enhanced LaTeX Graphics (DPC,SPQR)

("B:\Programy\MiKTeX 2.9\tex/latex/graphics\keyval.sty"
Package: keyval 2014/10/28 v1.15 key=value parser (DPC)
\KV@toks@=\toks17
)
("B:\Programy\MiKTeX 2.9\tex/latex/graphics\graphics.sty"
Package: graphics 2019/11/30 v1.4a Standard LaTeX Graphics (DPC,SPQR)

("B:\Programy\MiKTeX 2.9\tex/latex/graphics\trig.sty"
Package: trig 2016/01/03 v1.10 sin cos tan (DPC)
)
("B:\Programy\MiKTeX 2.9\tex/latex/graphics-cfg\graphics.cfg"
File: graphics.cfg 2016/06/04 v1.11 sample graphics configuration
)
Package graphics Info: Driver file: pdftex.def on input line 105.

("B:\Programy\MiKTeX 2.9\tex/latex/graphics-def\pdftex.def"
File: pdftex.def 2018/01/08 v1.0l Graphics/color driver for pdftex
))
\Gin@req@height=\dimen140
\Gin@req@width=\dimen141
)
("B:\Programy\MiKTeX 2.9\tex/latex/biblatex\biblatex.sty"
Package: biblatex 2019/12/01 v3.14 programmable bibliographies (PK/MW)

("B:\Programy\MiKTeX 2.9\tex/generic/pdftexcmds\pdftexcmds.sty"
Package: pdftexcmds 2020-06-27 v0.33 Utility functions of pdfTeX for LuaTeX (HO
)

("B:\Programy\MiKTeX 2.9\tex/generic/infwarerr\infwarerr.sty"
Package: infwarerr 2019/12/03 v1.5 Providing info/warning/error messages (HO)
)
("B:\Programy\MiKTeX 2.9\tex/generic/iftex\iftex.sty"
Package: iftex 2020/03/06 v1.0d TeX engine tests
)
("B:\Programy\MiKTeX 2.9\tex/generic/ltxcmds\ltxcmds.sty"
Package: ltxcmds 2019/12/15 v1.24 LaTeX kernel commands for general use (HO)
)
Package pdftexcmds Info: \pdf@primitive is available.
Package pdftexcmds Info: \pdf@ifprimitive is available.
Package pdftexcmds Info: \pdfdraftmode found.
)
("B:\Programy\MiKTeX 2.9\tex/latex/etoolbox\etoolbox.sty"
Package: etoolbox 2020/07/15 v2.5i e-TeX tools for LaTeX (JAW)
\etb@tempcnta=\count178
)
("B:\Programy\MiKTeX 2.9\tex/latex/kvoptions\kvoptions.sty"
Package: kvoptions 2019/11/29 v3.13 Key value format for package options (HO)

("B:\Programy\MiKTeX 2.9\tex/generic/kvsetkeys\kvsetkeys.sty"
Package: kvsetkeys 2019/12/15 v1.18 Key value parser (HO)
))
("B:\Programy\MiKTeX 2.9\tex/latex/logreq\logreq.sty"
Package: logreq 2010/08/04 v1.0 xml request logger
\lrq@indent=\count179

("B:\Programy\MiKTeX 2.9\tex/latex/logreq\logreq.def"
File: logreq.def 2010/08/04 v1.0 logreq spec v1.0
))
("B:\Programy\MiKTeX 2.9\tex/latex/base\ifthen.sty"
Package: ifthen 2014/09/29 v1.1c Standard LaTeX ifthen package (DPC)
)
("B:\Programy\MiKTeX 2.9\tex/latex/url\url.sty"
\Urlmuskip=\muskip16
Package: url 2013/09/16  ver 3.4  Verb mode for urls, etc.
)
\c@tabx@nest=\count180
\c@listtotal=\count181
\c@listcount=\count182
\c@liststart=\count183
\c@liststop=\count184
\c@citecount=\count185
\c@citetotal=\count186
\c@multicitecount=\count187
\c@multicitetotal=\count188
\c@instcount=\count189
\c@maxnames=\count190
\c@minnames=\count191
\c@maxitems=\count192
\c@minitems=\count193
\c@citecounter=\count194
\c@maxcitecounter=\count195
\c@savedcitecounter=\count196
\c@uniquelist=\count197
\c@uniquename=\count198
\c@refsection=\count199
\c@refsegment=\count266
\c@maxextratitle=\count267
\c@maxextratitleyear=\count268
\c@maxextraname=\count269
\c@maxextradate=\count270
\c@maxextraalpha=\count271
\c@abbrvpenalty=\count272
\c@highnamepenalty=\count273
\c@lownamepenalty=\count274
\c@maxparens=\count275
\c@parenlevel=\count276
\blx@tempcnta=\count277
\blx@tempcntb=\count278
\blx@tempcntc=\count279
\blx@maxsection=\count280
\blx@maxsegment@0=\count281
\blx@notetype=\count282
\blx@parenlevel@text=\count283
\blx@parenlevel@foot=\count284
\blx@sectionciteorder@0=\count285
\blx@entrysetcounter=\count286
\labelnumberwidth=\skip49
\labelalphawidth=\skip50
\biblabelsep=\skip51
\bibitemsep=\skip52
\bibnamesep=\skip53
\bibinitsep=\skip54
\bibparsep=\skip55
\bibhang=\skip56
\blx@bcfin=\read3
\blx@bcfout=\write3
\blx@langwohyphens=\language84
\c@mincomprange=\count287
\c@maxcomprange=\count288
\c@mincompwidth=\count289
Package biblatex Info: Trying to load biblatex default data model...
Package biblatex Info: ... file 'blx-dm.def' found.

("B:\Programy\MiKTeX 2.9\tex/latex/biblatex\blx-dm.def"
File: blx-dm.def 2019/12/01 v3.14 biblatex localization (PK/MW)
)
Package biblatex Info: Trying to load biblatex custom data model...
Package biblatex Info: ... file 'biblatex-dm.cfg' not found.
\c@afterword=\count290
\c@savedafterword=\count291
\c@annotator=\count292
\c@savedannotator=\count293
\c@author=\count294
\c@savedauthor=\count295
\c@bookauthor=\count296
\c@savedbookauthor=\count297
\c@commentator=\count298
\c@savedcommentator=\count299
\c@editor=\count300
\c@savededitor=\count301
\c@editora=\count302
\c@savededitora=\count303
\c@editorb=\count304
\c@savededitorb=\count305
\c@editorc=\count306
\c@savededitorc=\count307
\c@foreword=\count308
\c@savedforeword=\count309
\c@holder=\count310
\c@savedholder=\count311
\c@introduction=\count312
\c@savedintroduction=\count313
\c@namea=\count314
\c@savednamea=\count315
\c@nameb=\count316
\c@savednameb=\count317
\c@namec=\count318
\c@savednamec=\count319
\c@translator=\count320
\c@savedtranslator=\count321
\c@shortauthor=\count322
\c@savedshortauthor=\count323
\c@shorteditor=\count324
\c@savedshorteditor=\count325
\c@labelname=\count326
\c@savedlabelname=\count327
\c@institution=\count328
\c@savedinstitution=\count329
\c@lista=\count330
\c@savedlista=\count331
\c@listb=\count332
\c@savedlistb=\count333
\c@listc=\count334
\c@savedlistc=\count335
\c@listd=\count336
\c@savedlistd=\count337
\c@liste=\count338
\c@savedliste=\count339
\c@listf=\count340
\c@savedlistf=\count341
\c@location=\count342
\c@savedlocation=\count343
\c@organization=\count344
\c@savedorganization=\count345
\c@origlocation=\count346
\c@savedoriglocation=\count347
\c@origpublisher=\count348
\c@savedorigpublisher=\count349
\c@publisher=\count350
\c@savedpublisher=\count351
\c@language=\count352
\c@savedlanguage=\count353
\c@origlanguage=\count354
\c@savedoriglanguage=\count355
\c@pageref=\count356
\c@savedpageref=\count357
\shorthandwidth=\skip57
\shortjournalwidth=\skip58
\shortserieswidth=\skip59
\shorttitlewidth=\skip60
\shortauthorwidth=\skip61
\shorteditorwidth=\skip62
\locallabelnumberwidth=\skip63
\locallabelalphawidth=\skip64
\localshorthandwidth=\skip65
\localshortjournalwidth=\skip66
\localshortserieswidth=\skip67
\localshorttitlewidth=\skip68
\localshortauthorwidth=\skip69
\localshorteditorwidth=\skip70
Package biblatex Info: Trying to load compatibility code...
Package biblatex Info: ... file 'blx-compat.def' found.

("B:\Programy\MiKTeX 2.9\tex/latex/biblatex\blx-compat.def"
File: blx-compat.def 2019/12/01 v3.14 biblatex compatibility (PK/MW)
)
Package biblatex Info: Trying to load generic definitions...
Package biblatex Info: ... file 'biblatex.def' found.

("B:\Programy\MiKTeX 2.9\tex/latex/biblatex\biblatex.def"
File: biblatex.def 2019/12/01 v3.14 biblatex compatibility (PK/MW)
\c@textcitecount=\count358
\c@textcitetotal=\count359
\c@textcitemaxnames=\count360
\c@biburlbigbreakpenalty=\count361
\c@biburlbreakpenalty=\count362
\c@biburlnumpenalty=\count363
\c@biburlucpenalty=\count364
\c@biburllcpenalty=\count365
\biburlbigskip=\muskip17
\biburlnumskip=\muskip18
\biburlucskip=\muskip19
\biburllcskip=\muskip20
\c@smartand=\count366
)
Package biblatex Info: Trying to load bibliography style 'numeric'...
Package biblatex Info: ... file 'numeric.bbx' found.

("B:\Programy\MiKTeX 2.9\tex/latex/biblatex/bbx\numeric.bbx"
File: numeric.bbx 2019/12/01 v3.14 biblatex bibliography style (PK/MW)
Package biblatex Info: Trying to load bibliography style 'standard'...
Package biblatex Info: ... file 'standard.bbx' found.

("B:\Programy\MiKTeX 2.9\tex/latex/biblatex/bbx\standard.bbx"
File: standard.bbx 2019/12/01 v3.14 biblatex bibliography style (PK/MW)
\c@bbx:relatedcount=\count367
\c@bbx:relatedtotal=\count368
))
Package biblatex Info: Trying to load citation style 'numeric'...
Package biblatex Info: ... file 'numeric.cbx' found.

("B:\Programy\MiKTeX 2.9\tex/latex/biblatex/cbx\numeric.cbx"
File: numeric.cbx 2019/12/01 v3.14 biblatex citation style (PK/MW)
Package biblatex Info: Redefining '\cite'.
Package biblatex Info: Redefining '\parencite'.
Package biblatex Info: Redefining '\footcite'.
Package biblatex Info: Redefining '\footcitetext'.
Package biblatex Info: Redefining '\smartcite'.
Package biblatex Info: Redefining '\supercite'.
Package biblatex Info: Redefining '\textcite'.
Package biblatex Info: Redefining '\textcites'.
Package biblatex Info: Redefining '\cites'.
Package biblatex Info: Redefining '\parencites'.
Package biblatex Info: Redefining '\smartcites'.
)
Package biblatex Info: Trying to load configuration file...
Package biblatex Info: ... file 'biblatex.cfg' found.

("B:\Programy\MiKTeX 2.9\tex/latex/biblatex\biblatex.cfg"
File: biblatex.cfg 
))
("B:\Programy\MiKTeX 2.9\tex/latex/csquotes\csquotes.sty"
Package: csquotes 2019-12-06 v5.2j context-sensitive quotations (JAW)
\csq@reset=\count369
\csq@gtype=\count370
\csq@glevel=\count371
\csq@qlevel=\count372
\csq@maxlvl=\count373
\csq@tshold=\count374
\csq@ltx@everypar=\toks18

("B:\Programy\MiKTeX 2.9\tex/latex/csquotes\csquotes.def"
File: csquotes.def 2019-12-06 v5.2j csquotes generic definitions (JAW)
)
Package csquotes Info: Trying to load configuration file 'csquotes.cfg'...
Package csquotes Info: ... configuration file loaded successfully.

("B:\Programy\MiKTeX 2.9\tex/latex/csquotes\csquotes.cfg"
File: csquotes.cfg 
))
("B:\Programy\MiKTeX 2.9\tex/latex/listings\listings.sty"
\lst@mode=\count375
\lst@gtempboxa=\box45
\lst@token=\toks19
\lst@length=\count376
\lst@currlwidth=\dimen142
\lst@column=\count377
\lst@pos=\count378
\lst@lostspace=\dimen143
\lst@width=\dimen144
\lst@newlines=\count379
\lst@lineno=\count380
\lst@maxwidth=\dimen145

("B:\Programy\MiKTeX 2.9\tex/latex/listings\lstmisc.sty"
File: lstmisc.sty 2020/03/24 1.8d (Carsten Heinz)
\c@lstnumber=\count381
\lst@skipnumbers=\count382
\lst@framebox=\box46
)
("B:\Programy\MiKTeX 2.9\tex/latex/listings\listings.cfg"
File: listings.cfg 2020/03/24 1.8d listings configuration
))
Package: listings 2020/03/24 1.8d (Carsten Heinz)

("B:\Programy\MiKTeX 2.9\tex/latex/graphics\color.sty"
Package: color 2019/11/23 v1.2a Standard LaTeX Color (DPC)

("B:\Programy\MiKTeX 2.9\tex/latex/graphics-cfg\color.cfg"
File: color.cfg 2016/01/02 v1.6 sample color configuration
)
Package color Info: Driver file: pdftex.def on input line 147.
)
("B:\Programy\MiKTeX 2.9\tex/latex/listings\lstlang1.sty"
File: lstlang1.sty 2020/03/24 1.8d listings language file
)
Package csquotes Info: Checking for multilingual support...
Package csquotes Info: ... found 'babel' package.
Package csquotes Info: Adjusting default style.
Package csquotes Info: Redefining alias 'default' -> 'polish'.

("B:\Programy\MiKTeX 2.9\tex/latex/l3backend\l3backend-pdfmode.def"
File: l3backend-pdfmode.def 2020-06-29 L3 backend support: PDF mode
\l__kernel_color_stack_int=\count383
\l__pdf_internal_box=\box47
)
(Dokumentacja_Tron.aux)
\openout1 = `Dokumentacja_Tron.aux'.

LaTeX Font Info:    Checking defaults for OML/cmm/m/it on input line 32.
LaTeX Font Info:    ... okay on input line 32.
LaTeX Font Info:    Checking defaults for OMS/cmsy/m/n on input line 32.
LaTeX Font Info:    ... okay on input line 32.
LaTeX Font Info:    Checking defaults for OT1/cmr/m/n on input line 32.
LaTeX Font Info:    ... okay on input line 32.
LaTeX Font Info:    Checking defaults for T1/cmr/m/n on input line 32.
LaTeX Font Info:    ... okay on input line 32.
LaTeX Font Info:    Checking defaults for TS1/cmr/m/n on input line 32.
LaTeX Font Info:    ... okay on input line 32.
LaTeX Font Info:    Checking defaults for OMX/cmex/m/n on input line 32.
LaTeX Font Info:    ... okay on input line 32.
LaTeX Font Info:    Checking defaults for U/cmr/m/n on input line 32.
LaTeX Font Info:    ... okay on input line 32.
LaTeX Font Info:    Trying to load font information for T1+lmr on input line 32
.
 ("B:\Programy\MiKTeX 2.9\tex/latex/lm\t1lmr.fd"
File: t1lmr.fd 2009/10/30 v1.6 Font defs for Latin Modern
)
("B:\Programy\MiKTeX 2.9\tex/context/base/mkii\supp-pdf.mkii"
[Loading MPS to PDF converter (version 2006.09.02).]
\scratchcounter=\count384
\scratchdimen=\dimen146
\scratchbox=\box48
\nofMPsegments=\count385
\nofMParguments=\count386
\everyMPshowfont=\toks20
\MPscratchCnt=\count387
\MPscratchDim=\dimen147
\MPnumerator=\count388
\makeMPintoPDFobject=\count389
\everyMPtoPDFconversion=\toks21
) ("B:\Programy\MiKTeX 2.9\tex/latex/epstopdf-pkg\epstopdf-base.sty"
Package: epstopdf-base 2020-01-24 v2.11 Base part for package epstopdf
Package epstopdf-base Info: Redefining graphics rule for `.eps' on input line 4
85.
)
Package biblatex Info: Trying to load language 'polish'...
Package biblatex Info: ... file 'polish.lbx' found.

("B:\Programy\MiKTeX 2.9\tex/latex/biblatex/lbx\polish.lbx"
File: polish.lbx 2019/12/01 v3.14 biblatex localization (PK/MW)
)
Package biblatex Info: Input encoding 'utf8' detected.
Package biblatex Info: Automatic encoding selection.
(biblatex)             Assuming data encoding 'utf8'.
\openout3 = `Dokumentacja_Tron.bcf'.

Package biblatex Info: Trying to load bibliographic data...
Package biblatex Info: ... file 'Dokumentacja_Tron.bbl' not found.

No file Dokumentacja_Tron.bbl.
Package biblatex Info: Reference section=0 on input line 32.
Package biblatex Info: Reference segment=0 on input line 32.
\c@lstlisting=\count390
[1


{C:/Users/Benek/AppData/Local/MiKTeX/2.9/pdftex/config/pdftex.map}]
LaTeX Font Info:    Trying to load font information for TS1+lmr on input line 6
8.

("B:\Programy\MiKTeX 2.9\tex/latex/lm\ts1lmr.fd"
File: ts1lmr.fd 2009/10/30 v1.6 Font defs for Latin Modern
)
<media/githubProof.png, id=8, 703.12688pt x 419.31656pt>
File: media/githubProof.png Graphic file (type png)
<use media/githubProof.png>
Package pdftex.def Info: media/githubProof.png  used on input line 74.
(pdftex.def)             Requested size: 350.99762pt x 209.31865pt.
 [2 <./media/githubProof.png>] [3] [4]
<media/Wyglad1.png, id=21, 514.92375pt x 413.545pt>
File: media/Wyglad1.png Graphic file (type png)
<use media/Wyglad1.png>
Package pdftex.def Info: media/Wyglad1.png  used on input line 134.
(pdftex.def)             Requested size: 411.93954pt x 330.83644pt.

Overfull \hbox (21.93954pt too wide) in paragraph at lines 134--135
[] 
 []

LaTeX Font Info:    Trying to load font information for T1+lmtt on input line 1
41.
("B:\Programy\MiKTeX 2.9\tex/latex/lm\t1lmtt.fd"
File: t1lmtt.fd 2009/10/30 v1.6 Font defs for Latin Modern
)
LaTeX Font Info:    Font shape `T1/lmtt/bx/n' in size <12> not available
(Font)              Font shape `T1/lmtt/b/n' tried instead on input line 142.
 [5 <./media/Wyglad1.png>]
[6] [7]
Overfull \hbox (54.60571pt too wide) in paragraph at lines 228--229
[][][][][][][][][][][][]  
 []


Overfull \hbox (54.60571pt too wide) in paragraph at lines 230--231
[][][][][][][][][][][][][][][][]  
 []


Overfull \hbox (44.96533pt too wide) in paragraph at lines 231--232
[][][][][][][][][][][]  
 []


Overfull \hbox (91.65619pt too wide) in paragraph at lines 240--241
[][][][][][][]  
 []


Overfull \hbox (7.91486pt too wide) in paragraph at lines 241--242
[][][][][] 
 []


Overfull \hbox (91.65619pt too wide) in paragraph at lines 244--245
[][][][][][][]  
 []


Overfull \hbox (15.32495pt too wide) in paragraph at lines 245--246
[][][][][][] 
 []


Overfull \hbox (91.65619pt too wide) in paragraph at lines 248--249
[][][][][][][]  
 []


Overfull \hbox (30.14514pt too wide) in paragraph at lines 249--250
[][][][][] 
 []

[8]
Overfull \hbox (91.65619pt too wide) in paragraph at lines 252--253
[][][][][][][]  
 []


Overfull \hbox (37.55524pt too wide) in paragraph at lines 253--254
[][][][][][] 
 []


Overfull \hbox (44.96533pt too wide) in paragraph at lines 267--268
[][][][][][][][][][][][]  
 []


Overfull \hbox (15.32495pt too wide) in paragraph at lines 270--271
[][][][][] 
 []

[9]
Overfull \hbox (24.96533pt too wide) in paragraph at lines 278--279
[][][][][][][][][] 
 []


Overfull \hbox (24.96533pt too wide) in paragraph at lines 281--282
[][][][][][][][][] 
 []


Overfull \hbox (30.14514pt too wide) in paragraph at lines 288--289
[][][][][]  
 []


Overfull \hbox (2.73505pt too wide) in paragraph at lines 290--291
[][][][][][]  
 []


Overfull \hbox (10.14514pt too wide) in paragraph at lines 294--295
[][][][][][][][][][][][][] 
 []


Overfull \hbox (69.4259pt too wide) in paragraph at lines 295--296
[][][][][][][][]  
 []


Overfull \hbox (59.78552pt too wide) in paragraph at lines 296--297
[][][][]  
 []

[10]
Overfull \hbox (2.73505pt too wide) in paragraph at lines 297--298
[][][][][][]  
 []


Overfull \hbox (39.78552pt too wide) in paragraph at lines 298--299
[][][][][][][][] 
 []


Overfull \hbox (15.32495pt too wide) in paragraph at lines 298--299
[][][][][][][][][] 
 []


Overfull \hbox (2.73505pt too wide) in paragraph at lines 299--300
[][][][][][]  
 []


Overfull \hbox (2.73505pt too wide) in paragraph at lines 300--301
[][][][][][]  
 []


Overfull \hbox (22.73505pt too wide) in paragraph at lines 314--315
[][][][][][][][]  
 []


Overfull \hbox (76.836pt too wide) in paragraph at lines 319--320
[][][][][][][][][][][][][][][][][][][][][][][][][][] 
 []

[11]
Overfull \hbox (17.55524pt too wide) in paragraph at lines 329--330
[][][][][][][][] 
 []


Overfull \hbox (96.836pt too wide) in paragraph at lines 330--331
[][][][][][][] 
 []


Overfull \hbox (37.55524pt too wide) in paragraph at lines 332--333
[][][][][][] 
 []


Overfull \hbox (10.14514pt too wide) in paragraph at lines 334--335
[][][][][][][][][][][][][] 
 []


Overfull \hbox (84.2461pt too wide) in paragraph at lines 335--336
[][][][][][][][][][][][][][][][][][][][][]  
 []


Overfull \hbox (2.73505pt too wide) in paragraph at lines 336--337
[][][][][][]  
 []


Overfull \hbox (2.73505pt too wide) in paragraph at lines 337--338
[][][][][][]  
 []


Overfull \hbox (2.73505pt too wide) in paragraph at lines 341--342
[][][][][][][][]  
 []


Overfull \hbox (17.55524pt too wide) in paragraph at lines 346--348
[][][][][][][][] 
 []


Overfull \hbox (24.96533pt too wide) in paragraph at lines 348--349
[][][][][][][][][][][][][][][][][][][][][]  
 []

[12]
Overfull \hbox (15.32495pt too wide) in paragraph at lines 352--353
[][][][][] 
 []


Overfull \hbox (76.836pt too wide) in paragraph at lines 367--368
[][][][][][][][][][][][]  
 []


Overfull \hbox (76.836pt too wide) in paragraph at lines 368--369
[][][][][][][][][][][][]  
 []


Overfull \hbox (99.06628pt too wide) in paragraph at lines 369--370
[][][][][][][][][][][][]  
 []

[13]
Overfull \hbox (74.60571pt too wide) in paragraph at lines 373--374
[][][][][][][][][][][][][][] 
 []


Overfull \hbox (0.50476pt too wide) in paragraph at lines 375--376
[][][][][]  
 []


Overfull \hbox (59.78552pt too wide) in paragraph at lines 377--378
[][][][][][][]  
 []


Overfull \hbox (76.836pt too wide) in paragraph at lines 380--381
[][][][][][][][][][]  
 []


Overfull \hbox (0.50476pt too wide) in paragraph at lines 381--382
[][][][][][] 
 []


Overfull \hbox (22.73505pt too wide) in paragraph at lines 381--382
[][][][][]  
 []


Overfull \hbox (47.19562pt too wide) in paragraph at lines 384--385
[][][][][][][]  
 []

[14]
Overfull \hbox (30.14514pt too wide) in paragraph at lines 404--405
[][][][][][][][][][] 
 []


Overfull \hbox (30.14514pt too wide) in paragraph at lines 405--406
[][][][][][][][][][] 
 []


Overfull \hbox (15.32495pt too wide) in paragraph at lines 407--408
[][][][][][][][] 
 []


Overfull \hbox (10.14514pt too wide) in paragraph at lines 410--411
[][][][][][][][]  
 []


Overfull \hbox (96.836pt too wide) in paragraph at lines 418--420
[][][][][][][][]  
 []

[15]
Overfull \hbox (24.96533pt too wide) in paragraph at lines 422--423
[][][][][][][][][][]  
 []


Overfull \hbox (7.91486pt too wide) in paragraph at lines 429--430
[][][][][][][][][]  
 []


Overfull \hbox (7.91486pt too wide) in paragraph at lines 430--432
[][][][][][][][][]  
 []


Overfull \hbox (7.91486pt too wide) in paragraph at lines 433--434
[][][][][]  
 []


Overfull \hbox (7.91486pt too wide) in paragraph at lines 435--436
[][][][][]  
 []


Overfull \hbox (54.60571pt too wide) in paragraph at lines 438--439
[][][][][][][][][][][][] 
 []


Overfull \hbox (17.55524pt too wide) in paragraph at lines 441--442
[][][][][] 
 []


Overfull \hbox (17.55524pt too wide) in paragraph at lines 445--446
[][][][][] 
 []

[16]
Overfull \hbox (15.32495pt too wide) in paragraph at lines 451--452
[][][][][][][][][][][][][] 
 []


Overfull \hbox (7.91486pt too wide) in paragraph at lines 466--467
[][][][][]  
 []


Overfull \hbox (7.91486pt too wide) in paragraph at lines 468--469
[][][][][]  
 []

[17]
Overfull \hbox (30.14514pt too wide) in paragraph at lines 478--479
[][][]  
 []

[18]
Overfull \hbox (37.55524pt too wide) in paragraph at lines 518--519
[][][][][][]  
 []


Overfull \hbox (69.4259pt too wide) in paragraph at lines 519--520
[][][][][][][][][][]  
 []


Overfull \hbox (91.65619pt too wide) in paragraph at lines 520--521
[][][][][][][][][]  
 []


Overfull \hbox (121.29657pt too wide) in paragraph at lines 521--522
[][][][][][][][][][][][][]  
 []


Overfull \hbox (62.01581pt too wide) in paragraph at lines 522--523
[][][][][][][]  
 []


Overfull \hbox (99.06628pt too wide) in paragraph at lines 523--524
[][][][][][][]  
 []


Overfull \hbox (76.836pt too wide) in paragraph at lines 525--526
[][][][][][][][][][]  
 []


Overfull \hbox (76.836pt too wide) in paragraph at lines 527--528
[][][][][][][][]  
 []


Overfull \hbox (39.78552pt too wide) in paragraph at lines 528--529
[][][][][][][][]  
 []


Overfull \hbox (54.60571pt too wide) in paragraph at lines 529--530
[][][][][][][][]  
 []


Overfull \hbox (52.37543pt too wide) in paragraph at lines 530--531
[][][][][][] 
 []


Overfull \hbox (44.96533pt too wide) in paragraph at lines 533--534
[][][][][][][][][]  
 []

[19]
Overfull \hbox (22.73505pt too wide) in paragraph at lines 581--582
[][][]  
 []

[20]
Overfull \hbox (17.55524pt too wide) in paragraph at lines 588--589
[][][][][][][][] 
 []


Overfull \hbox (17.55524pt too wide) in paragraph at lines 590--591
[][][][][][][][] 
 []

[21] (Dokumentacja_Tron.aux)

LaTeX Warning: There were undefined references.


Package biblatex Warning: Please (re)run Biber on the file:
(biblatex)                Dokumentacja_Tron
(biblatex)                and rerun LaTeX afterwards.

Package logreq Info: Writing requests to 'Dokumentacja_Tron.run.xml'.
\openout1 = `Dokumentacja_Tron.run.xml'.

 ) 
Here is how much of TeX's memory you used:
 12000 strings out of 481191
 204032 string characters out of 2915150
 881378 words of memory out of 3000000
 27487 multiletter control sequences out of 15000+200000
 556432 words of font info for 40 fonts, out of 3000000 for 9000
 1141 hyphenation exceptions out of 8191
 36i,6n,40p,1058b,1798s stack positions out of 5000i,500n,10000p,200000b,50000s
{B:/Programy/MiKTeX 2.9/fonts/enc/dvips/lm/lm-ec.enc}{B:/Programy/MiKTeX 2.9/
fonts/enc/dvips/lm/lm-ts1.enc}<B:/Programy/MiKTeX 2.9/fonts/type1/public/lm/lmb
x12.pfb><B:/Programy/MiKTeX 2.9/fonts/type1/public/lm/lmr12.pfb><B:/Programy/Mi
KTeX 2.9/fonts/type1/public/lm/lmri12.pfb><B:/Programy/MiKTeX 2.9/fonts/type1/p
ublic/lm/lmtk10.pfb><B:/Programy/MiKTeX 2.9/fonts/type1/public/lm/lmtt12.pfb>
Output written on Dokumentacja_Tron.pdf (21 pages, 194051 bytes).
PDF statistics:
 99 PDF objects out of 1000 (max. 8388607)
 0 named destinations out of 1000 (max. 500000)
 11 words of extra memory for PDF output out of 10000 (max. 10000000)

